<?xml version="1.0" encoding="UTF-8"?>
<!-- Generated by org.testng.reporters.JUnitReportReporter -->
<testsuite hostname="DESKTOP-S3RV3MH" failures="0" tests="1" name="verification.Of_Data_Jason_path.StaticResponseValixationTest" time="9.508" errors="0" timestamp="2022-02-23T12:27:13 IST" skipped="0">
  <testcase classname="verification.Of_Data_Jason_path.StaticResponseValixationTest" name="staticResponseValixationTest" time="9.508"/>
  <system-out/>
</testsuite> <!-- verification.Of_Data_Jason_path.StaticResponseValixationTest -->
