<?xml version="1.0" encoding="UTF-8"?>
<!-- Generated by org.testng.reporters.JUnitReportReporter -->
<testsuite hostname="DESKTOP-S3RV3MH" failures="0" tests="2" name="defferent_way_To_POST.Create_Project_by_POJO_And_Dataprovider" time="3.781" errors="0" timestamp="2022-02-23T11:59:42 IST" skipped="0">
  <testcase classname="defferent_way_To_POST.Create_Project_by_POJO_And_Dataprovider" name="create_Project_pojoAndDataprovider" time="0.168"/>
  <system-out/>
  <testcase classname="defferent_way_To_POST.Create_Project_by_POJO_And_Dataprovider" name="create_Project_pojoAndDataprovider" time="3.613"/>
  <system-out/>
</testsuite> <!-- defferent_way_To_POST.Create_Project_by_POJO_And_Dataprovider -->
