<?xml version="1.0" encoding="UTF-8"?>
<!-- Generated by org.testng.reporters.JUnitReportReporter -->
<testsuite hostname="DESKTOP-S3RV3MH" failures="0" tests="1" name="crud.rmg.without.BDD.UpdateProject_Test" time="3.450" errors="0" timestamp="2022-02-22T16:24:00 IST" skipped="0">
  <testcase classname="crud.rmg.without.BDD.UpdateProject_Test" name="updateProjectTest" time="3.450"/>
  <system-out/>
</testsuite> <!-- crud.rmg.without.BDD.UpdateProject_Test -->
