<?xml version="1.0" encoding="UTF-8"?>
<!-- Generated by org.testng.reporters.JUnitReportReporter -->
<testsuite hostname="DESKTOP-S3RV3MH" failures="0" tests="1" name="com.RMGYantra.Pathparameters.GitHubParameters" time="13.947" errors="0" timestamp="2022-02-23T13:37:36 IST" skipped="0">
  <testcase classname="com.RMGYantra.Pathparameters.GitHubParameters" name="gitHubParameters" time="13.947"/>
  <system-out/>
</testsuite> <!-- com.RMGYantra.Pathparameters.GitHubParameters -->
