<?xml version="1.0" encoding="UTF-8"?>
<!-- Generated by org.testng.reporters.JUnitReportReporter -->
<testsuite hostname="DESKTOP-S3RV3MH" failures="0" tests="1" name="defferent_way_To_POST.Create_Project_using_JSONFile" time="3.634" errors="0" timestamp="2022-02-22T17:46:57 IST" skipped="0">
  <testcase classname="defferent_way_To_POST.Create_Project_using_JSONFile" name="create_Project_using_JSONFile" time="3.634"/>
  <system-out/>
</testsuite> <!-- defferent_way_To_POST.Create_Project_using_JSONFile -->
