<?xml version="1.0" encoding="UTF-8"?>
<!-- Generated by org.testng.reporters.JUnitReportReporter -->
<testsuite hostname="DESKTOP-S3RV3MH" failures="0" tests="1" name="hamcrestValidation.ValidateHamcrestTest" time="3.960" errors="0" timestamp="2022-02-24T16:05:50 IST" skipped="0">
  <testcase classname="hamcrestValidation.ValidateHamcrestTest" name="validateHamcrestTest" time="3.960"/>
  <system-out/>
</testsuite> <!-- hamcrestValidation.ValidateHamcrestTest -->
