<?xml version="1.0" encoding="UTF-8"?>
<!-- Generated by org.testng.reporters.JUnitReportReporter -->
<testsuite hostname="DESKTOP-S3RV3MH" failures="0" tests="1" name="com.Authentication.OAuth_Test" time="4.683" errors="0" timestamp="2022-02-25T17:57:03 IST" skipped="0">
  <testcase classname="com.Authentication.OAuth_Test" name="oAuth_Test" time="4.683"/>
  <system-out/>
</testsuite> <!-- com.Authentication.OAuth_Test -->
