<?xml version="1.0" encoding="UTF-8"?>
<!-- Generated by org.testng.reporters.JUnitReportReporter -->
<testsuite hostname="DESKTOP-S3RV3MH" failures="0" tests="1" name="com.Authentication.Basic_Auth" time="4.737" errors="0" timestamp="2022-02-25T15:50:10 IST" skipped="0">
  <testcase classname="com.Authentication.Basic_Auth" name="basic_auth" time="4.737"/>
  <system-out/>
</testsuite> <!-- com.Authentication.Basic_Auth -->
