<?xml version="1.0" encoding="UTF-8"?>
<!-- Generated by org.testng.reporters.JUnitReportReporter -->
<testsuite hostname="DESKTOP-S3RV3MH" failures="0" tests="1" name="verification.Of_Data_Jason_path.DynamicResponseValidationTest" time="4.152" errors="0" timestamp="2022-02-23T13:12:18 IST" skipped="0">
  <testcase classname="verification.Of_Data_Jason_path.DynamicResponseValidationTest" name="dynamicResponseValidationTest" time="4.152"/>
  <system-out/>
</testsuite> <!-- verification.Of_Data_Jason_path.DynamicResponseValidationTest -->
