<?xml version="1.0" encoding="UTF-8"?>
<!-- Generated by org.testng.reporters.JUnitReportReporter -->
<testsuite hostname="DESKTOP-S3RV3MH" failures="0" tests="1" name="com.RMGYantra.END_END_TEST.Task_001" time="5.255" errors="0" timestamp="2022-03-02T15:35:01 IST" skipped="0">
  <testcase classname="com.RMGYantra.END_END_TEST.Task_001" name="create_project" time="5.255"/>
  <system-out/>
</testsuite> <!-- com.RMGYantra.END_END_TEST.Task_001 -->
