<?xml version="1.0" encoding="UTF-8"?>
<!-- Generated by org.testng.reporters.JUnitReportReporter -->
<testsuite hostname="DESKTOP-S3RV3MH" failures="0" tests="1" name="crud.Oprations.With.BDD.UpdateProjectTest" time="3.379" errors="0" timestamp="2022-02-22T17:07:20 IST" skipped="0">
  <testcase classname="crud.Oprations.With.BDD.UpdateProjectTest" name="updateProjectTest" time="3.379"/>
  <system-out/>
</testsuite> <!-- crud.Oprations.With.BDD.UpdateProjectTest -->
