<?xml version="1.0" encoding="UTF-8"?>
<!-- Generated by org.testng.reporters.JUnitReportReporter -->
<testsuite hostname="DESKTOP-S3RV3MH" failures="0" tests="1" name="defferent_way_To_POST.Create_Project_By_POJOClass" time="3.900" errors="0" timestamp="2022-02-23T11:06:28 IST" skipped="0">
  <testcase classname="defferent_way_To_POST.Create_Project_By_POJOClass" name="create_Project_By_POJOClass" time="3.900"/>
  <system-out/>
</testsuite> <!-- defferent_way_To_POST.Create_Project_By_POJOClass -->
