<?xml version="1.0" encoding="UTF-8"?>
<!-- Generated by org.testng.reporters.JUnitReportReporter -->
<testsuite hostname="DESKTOP-S3RV3MH" failures="0" tests="1" name="crud.Oprations.With.BDD.DeleteTheProjectTest" time="3.311" errors="0" timestamp="2022-02-22T16:53:41 IST" skipped="0">
  <testcase classname="crud.Oprations.With.BDD.DeleteTheProjectTest" name="deletetheProjectTest" time="3.311"/>
  <system-out/>
</testsuite> <!-- crud.Oprations.With.BDD.DeleteTheProjectTest -->
