<?xml version="1.0" encoding="UTF-8"?>
<!-- Generated by org.testng.reporters.JUnitReportReporter -->
<testsuite hostname="DESKTOP-S3RV3MH" failures="0" tests="1" name="defferent_way_To_POST.Create_Project_Using_HashMap" time="5.682" errors="0" timestamp="2022-02-22T17:40:18 IST" skipped="0">
  <testcase classname="defferent_way_To_POST.Create_Project_Using_HashMap" name="create_Project_Using_HashMap" time="5.682"/>
  <system-out/>
</testsuite> <!-- defferent_way_To_POST.Create_Project_Using_HashMap -->
