<?xml version="1.0" encoding="UTF-8"?>
<!-- Generated by org.testng.reporters.JUnitReportReporter -->
<testsuite hostname="DESKTOP-S3RV3MH" failures="0" tests="1" name="com.RMGYantra.ReqChaining.RequestChaining" time="22.338" errors="0" timestamp="2022-02-24T15:25:23 IST" skipped="0">
  <testcase classname="com.RMGYantra.ReqChaining.RequestChaining" name="requestChaining" time="22.338"/>
  <system-out/>
</testsuite> <!-- com.RMGYantra.ReqChaining.RequestChaining -->
