<?xml version="1.0" encoding="UTF-8"?>
<!-- Generated by org.testng.reporters.JUnitReportReporter -->
<testsuite hostname="DESKTOP-S3RV3MH" failures="0" tests="1" name="crud.rmg.without.BDD.CreateProject_Test" time="4.684" errors="0" timestamp="2022-02-22T16:00:34 IST" skipped="0">
  <testcase classname="crud.rmg.without.BDD.CreateProject_Test" name="createProject_Test" time="4.684"/>
  <system-out/>
</testsuite> <!-- crud.rmg.without.BDD.CreateProject_Test -->
