<?xml version="1.0" encoding="UTF-8"?>
<!-- Generated by org.testng.reporters.JUnitReportReporter -->
<testsuite hostname="DESKTOP-S3RV3MH" failures="0" tests="1" name="com.RMGYantra.Pathparameters.PathParameters" time="3.038" errors="0" timestamp="2022-02-25T15:59:40 IST" skipped="0">
  <testcase classname="com.RMGYantra.Pathparameters.PathParameters" name="pathParameters" time="3.038"/>
  <system-out/>
</testsuite> <!-- com.RMGYantra.Pathparameters.PathParameters -->
