<?xml version="1.0" encoding="UTF-8"?>
<!-- Generated by org.testng.reporters.JUnitReportReporter -->
<testsuite hostname="DESKTOP-S3RV3MH" failures="0" tests="1" name="crud.rmg.without.BDD.DeleteProjectTest" time="3.130" errors="0" timestamp="2022-02-22T15:33:44 IST" skipped="0">
  <testcase classname="crud.rmg.without.BDD.DeleteProjectTest" name="deleteprojectTest" time="3.130"/>
  <system-out/>
</testsuite> <!-- crud.rmg.without.BDD.DeleteProjectTest -->
