<?xml version="1.0" encoding="UTF-8"?>
<!-- Generated by org.testng.reporters.JUnitReportReporter -->
<testsuite hostname="DESKTOP-S3RV3MH" failures="0" tests="1" name="com.Authentication.BearerTocken" time="10.019" errors="0" timestamp="2022-02-25T16:30:33 IST" skipped="0">
  <testcase classname="com.Authentication.BearerTocken" name="bearerTocke" time="10.019"/>
  <system-out/>
</testsuite> <!-- com.Authentication.BearerTocken -->
